Assembler report for minA10_4ch_nogrouping
Mon Mar 18 13:33:29 2019
Quartus Prime Version 18.1.0 Build 625 09/12/2018 SJ Standard Edition


---------------------
; Table of Contents ;
---------------------
  1. Legal Notice
  2. Assembler Summary
  3. Assembler Settings
  4. Assembler Encrypted IP Cores Summary
  5. Assembler Generated Files
  6. Assembler Device Options: minA10_4ch_nogrouping.sof
  7. Assembler Messages



----------------
; Legal Notice ;
----------------
Copyright (C) 2018  Intel Corporation. All rights reserved.
Your use of Intel Corporation's design tools, logic functions 
and other software and tools, and its AMPP partner logic 
functions, and any output files from any of the foregoing 
(including device programming or simulation files), and any 
associated documentation or information are expressly subject 
to the terms and conditions of the Intel Program License 
Subscription Agreement, the Intel Quartus Prime License Agreement,
the Intel FPGA IP License Agreement, or other applicable license
agreement, including, without limitation, that your use is for
the sole purpose of programming logic devices manufactured by
Intel and sold by Intel or its authorized distributors.  Please
refer to the applicable agreement for further details.



+---------------------------------------------------------------+
; Assembler Summary                                             ;
+-----------------------+---------------------------------------+
; Assembler Status      ; Successful - Mon Mar 18 13:33:29 2019 ;
; Revision Name         ; minA10_4ch_nogrouping                 ;
; Top-level Entity Name ; XCVR_TOP                              ;
; Family                ; Arria 10                              ;
; Device                ; 10AX066N3F40E2SG                      ;
+-----------------------+---------------------------------------+


+----------------------------------+
; Assembler Settings               ;
+--------+---------+---------------+
; Option ; Setting ; Default Value ;
+--------+---------+---------------+


+------------------------------------------------+
; Assembler Encrypted IP Cores Summary           ;
+--------+------------------------+--------------+
; Vendor ; IP Core Name           ; License Type ;
+--------+------------------------+--------------+
; Altera ; Signal Tap (6AF7 BCE1) ; Licensed     ;
; Altera ; Signal Tap (6AF7 BCEC) ; Licensed     ;
+--------+------------------------+--------------+


+----------------------------------------------------------------------------------------------------------+
; Assembler Generated Files                                                                                ;
+----------------------------------------------------------------------------------------------------------+
; File Name                                                                                                ;
+----------------------------------------------------------------------------------------------------------+
; /home/dewei/WorkSpace/BelleII/MyCode/altera/Arria10/ut4NoGP/build/output_files/minA10_4ch_nogrouping.sof ;
+----------------------------------------------------------------------------------------------------------+


+-----------------------------------------------------+
; Assembler Device Options: minA10_4ch_nogrouping.sof ;
+----------------+------------------------------------+
; Option         ; Setting                            ;
+----------------+------------------------------------+
; JTAG usercode  ; 0xFFFFFFFF                         ;
; Checksum       ; 0x1D126300                         ;
+----------------+------------------------------------+


+--------------------+
; Assembler Messages ;
+--------------------+
Info: *******************************************************************
Info: Running Quartus Prime Assembler
    Info: Version 18.1.0 Build 625 09/12/2018 SJ Standard Edition
    Info: Processing started: Mon Mar 18 13:32:50 2019
Info: Command: quartus_asm --read_settings_files=off --write_settings_files=off minA10_4ch_nogrouping -c minA10_4ch_nogrouping
Warning (18236): Number of processors has not been specified which may cause overloading on shared machines.  Set the global assignment NUM_PARALLEL_PROCESSORS in your QSF to an appropriate value for best performance.
Warning (12914): The file, /home/dewei/WorkSpace/BelleII/MyCode/altera/Arria10/A10_4ch_2540_no_gp/src/IPCore/XCVR_Modules/xcvr_8B10B.sopcinfo, is not embedded into sof file as expected.  Some tools, such as System Console, may not function fully.
Info: Quartus Prime Assembler was successful. 0 errors, 2 warnings
    Info: Peak virtual memory: 5087 megabytes
    Info: Processing ended: Mon Mar 18 13:33:30 2019
    Info: Elapsed time: 00:00:40
    Info: Total CPU time (on all processors): 00:00:40


